<?xml version="1.0" encoding="UTF-8" ?>
<testsuite failures="0" time="1.078" errors="0" skipped="0" tests="1" name="ca.infoway.messagebuilder.MessageSetVersionTest">
  <properties>
    <property name="java.runtime.name" value="Java(TM) SE Runtime Environment"/>
    <property name="sun.boot.library.path" value="C:\Program Files\Java\jdk1.6.0_27\jre\bin"/>
    <property name="java.vm.version" value="20.2-b06"/>
    <property name="java.vm.vendor" value="Sun Microsystems Inc."/>
    <property name="java.vendor.url" value="http://java.sun.com/"/>
    <property name="path.separator" value=";"/>
    <property name="java.vm.name" value="Java HotSpot(TM) 64-Bit Server VM"/>
    <property name="file.encoding.pkg" value="sun.io"/>
    <property name="user.country" value="CA"/>
    <property name="sun.java.launcher" value="SUN_STANDARD"/>
    <property name="sun.os.patch.level" value="Service Pack 1"/>
    <property name="java.vm.specification.name" value="Java Virtual Machine Specification"/>
    <property name="user.dir" value="C:\workspace-merge\chi-messagebuilder\message-builder-cda-release-ccda_r00_alpha"/>
    <property name="java.runtime.version" value="1.6.0_27-b07"/>
    <property name="java.awt.graphicsenv" value="sun.awt.Win32GraphicsEnvironment"/>
    <property name="basedir" value="C:\workspace-merge\chi-messagebuilder\message-builder-cda-release-ccda_r00_alpha"/>
    <property name="java.endorsed.dirs" value="C:\Program Files\Java\jdk1.6.0_27\jre\lib\endorsed"/>
    <property name="os.arch" value="amd64"/>
    <property name="surefire.real.class.path" value="C:\workspace-merge\chi-messagebuilder\message-builder-cda-release-ccda_r00_alpha\target\surefire\surefirebooter4094273364495417395.jar"/>
    <property name="java.io.tmpdir" value="C:\Users\robertsj\AppData\Local\Temp\"/>
    <property name="line.separator" value="
"/>
    <property name="java.vm.specification.vendor" value="Sun Microsystems Inc."/>
    <property name="user.variant" value=""/>
    <property name="os.name" value="Windows 7"/>
    <property name="sun.jnu.encoding" value="Cp1252"/>
    <property name="java.library.path" value="C:\Program Files\Java\jdk1.6.0_27\jre\bin;C:\Windows\Sun\Java\bin;C:\Windows\system32;C:\Windows;D:\app\cppib\product\11.2.0\dbhome_1\bin;c:\app\cppib\product\11.2.0\dbhome_1\bin;C:\Program Files\Common Files\Microsoft Shared\Windows Live;C:\Program Files (x86)\Common Files\Microsoft Shared\Windows Live;C:\Windows\system32;C:\Windows;C:\Windows\System32\Wbem;C:\Windows\System32\WindowsPowerShell\v1.0\;C:\Program Files (x86)\NTRU Cryptosystems\NTRU TCG Software Stack\bin\;C:\Program Files\NTRU Cryptosystems\NTRU TCG Software Stack\bin\;C:\Program Files\Dell\Dell Data Protection\Access\Advanced\Wave\Gemalto\Access Client\v5\;C:\Program Files (x86)\Windows Live\Shared;C:\Program Files\TortoiseSVN\bin;C:\Program Files\Java\jdk1.6.0_27\bin;C:\apache-maven-3.0.3\bin;d:\app\cppib\mssqlserver-x86\100\Tools\Binn\VSShell\Common7\IDE\;d:\app\cppib\mssqlserver-x86\100\Tools\Binn\;d:\app\cppib\mssqlserver\100\Tools\Binn\;d:\app\cppib\mssqlserver-x86\100\DTS\Binn\;C:\Program Files\TortoiseHg\;."/>
    <property name="surefire.test.class.path" value="C:\workspace-merge\chi-messagebuilder\message-builder-cda-release-ccda_r00_alpha\target\test-classes;C:\workspace-merge\chi-messagebuilder\message-builder-cda-release-ccda_r00_alpha\target\classes;C:\workspace-merge\chi-messagebuilder\message-builder-core\target\message-builder-core-1.5.9-SNAPSHOT.jar;C:\workspace-merge\chi-messagebuilder\message-builder-util\target\message-builder-util-1.5.9-SNAPSHOT.jar;C:\workspace-merge\chi-messagebuilder\message-builder-xml\target\message-builder-xml-1.5.9-SNAPSHOT.jar;C:\Users\robertsj\.m2\repository\org\hibernate\hibernate-annotations\3.5.6-Final\hibernate-annotations-3.5.6-Final.jar;C:\Users\robertsj\.m2\repository\org\hibernate\hibernate-core\3.5.6-Final\hibernate-core-3.5.6-Final.jar;C:\Users\robertsj\.m2\repository\antlr\antlr\2.7.6\antlr-2.7.6.jar;C:\Users\robertsj\.m2\repository\dom4j\dom4j\1.6.1\dom4j-1.6.1.jar;C:\Users\robertsj\.m2\repository\xml-apis\xml-apis\1.0.b2\xml-apis-1.0.b2.jar;C:\Users\robertsj\.m2\repository\javax\transaction\jta\1.1\jta-1.1.jar;C:\Users\robertsj\.m2\repository\org\hibernate\hibernate-commons-annotations\3.2.0.Final\hibernate-commons-annotations-3.2.0.Final.jar;C:\Users\robertsj\.m2\repository\org\hibernate\javax\persistence\hibernate-jpa-2.0-api\1.0.0.Final\hibernate-jpa-2.0-api-1.0.0.Final.jar;C:\Users\robertsj\.m2\repository\org\simpleframework\simple-xml\2.7.1\simple-xml-2.7.1.jar;C:\Users\robertsj\.m2\repository\stax\stax-api\1.0.1\stax-api-1.0.1.jar;C:\Users\robertsj\.m2\repository\stax\stax\1.2.0\stax-1.2.0.jar;C:\Users\robertsj\.m2\repository\xpp3\xpp3\1.1.3.3\xpp3-1.1.3.3.jar;C:\Users\robertsj\.m2\repository\commons-codec\commons-codec\1.4\commons-codec-1.4.jar;C:\Users\robertsj\.m2\repository\commons-logging\commons-logging\1.1.1\commons-logging-1.1.1.jar;C:\Users\robertsj\.m2\repository\log4j\log4j\1.2.17\log4j-1.2.17.jar;C:\Users\robertsj\.m2\repository\commons-io\commons-io\1.4\commons-io-1.4.jar;C:\Users\robertsj\.m2\repository\commons-lang\commons-lang\2.4\commons-lang-2.4.jar;C:\Users\robertsj\.m2\repository\commons-collections\commons-collections\3.2.1\commons-collections-3.2.1.jar;C:\Users\robertsj\.m2\repository\com\sun\xml\messaging\saaj\saaj-impl\1.3\saaj-impl-1.3.jar;C:\Users\robertsj\.m2\repository\javax\xml\soap\saaj-api\1.3\saaj-api-1.3.jar;C:\Users\robertsj\.m2\repository\javax\activation\activation\1.1\activation-1.1.jar;C:\Users\robertsj\.m2\repository\commons-httpclient\commons-httpclient\3.1\commons-httpclient-3.1.jar;C:\Users\robertsj\.m2\repository\com\helger\ph-schematron\2.8.3\ph-schematron-2.8.3.jar;C:\Users\robertsj\.m2\repository\com\helger\ph-commons\5.0.2\ph-commons-5.0.2.jar;C:\Users\robertsj\.m2\repository\com\google\code\findbugs\annotations\2.0.3\annotations-2.0.3.jar;C:\Users\robertsj\.m2\repository\net\sf\saxon\Saxon-HE\9.5.1-6\Saxon-HE-9.5.1-6.jar;C:\Users\robertsj\.m2\repository\org\slf4j\slf4j-api\1.5.6\slf4j-api-1.5.6.jar;C:\Users\robertsj\.m2\repository\org\slf4j\slf4j-log4j12\1.5.6\slf4j-log4j12-1.5.6.jar;C:\workspace-merge\chi-messagebuilder\message-builder-core\target\message-builder-core-1.5.9-SNAPSHOT-tests.jar;C:\Users\robertsj\.m2\repository\junit\junit\4.7\junit-4.7.jar;C:\Users\robertsj\.m2\repository\org\jmock\jmock\2.5.1\jmock-2.5.1.jar;C:\Users\robertsj\.m2\repository\org\hamcrest\hamcrest-core\1.1\hamcrest-core-1.1.jar;C:\Users\robertsj\.m2\repository\org\hamcrest\hamcrest-library\1.1\hamcrest-library-1.1.jar;C:\Users\robertsj\.m2\repository\org\jmock\jmock-junit4\2.5.1\jmock-junit4-2.5.1.jar;C:\Users\robertsj\.m2\repository\junit\junit-dep\4.4\junit-dep-4.4.jar;C:\Users\robertsj\.m2\repository\org\jmock\jmock-legacy\2.5.1\jmock-legacy-2.5.1.jar;C:\Users\robertsj\.m2\repository\org\objenesis\objenesis\1.0\objenesis-1.0.jar;C:\Users\robertsj\.m2\repository\cglib\cglib-nodep\2.1_3\cglib-nodep-2.1_3.jar;"/>
    <property name="java.specification.name" value="Java Platform API Specification"/>
    <property name="java.class.version" value="50.0"/>
    <property name="sun.management.compiler" value="HotSpot 64-Bit Tiered Compilers"/>
    <property name="os.version" value="6.1"/>
    <property name="user.home" value="C:\Users\robertsj"/>
    <property name="user.timezone" value=""/>
    <property name="java.awt.printerjob" value="sun.awt.windows.WPrinterJob"/>
    <property name="java.specification.version" value="1.6"/>
    <property name="file.encoding" value="Cp1252"/>
    <property name="user.name" value="robertsj"/>
    <property name="java.class.path" value="C:\workspace-merge\chi-messagebuilder\message-builder-cda-release-ccda_r00_alpha\target\test-classes;C:\workspace-merge\chi-messagebuilder\message-builder-cda-release-ccda_r00_alpha\target\classes;C:\workspace-merge\chi-messagebuilder\message-builder-core\target\message-builder-core-1.5.9-SNAPSHOT.jar;C:\workspace-merge\chi-messagebuilder\message-builder-util\target\message-builder-util-1.5.9-SNAPSHOT.jar;C:\workspace-merge\chi-messagebuilder\message-builder-xml\target\message-builder-xml-1.5.9-SNAPSHOT.jar;C:\Users\robertsj\.m2\repository\org\hibernate\hibernate-annotations\3.5.6-Final\hibernate-annotations-3.5.6-Final.jar;C:\Users\robertsj\.m2\repository\org\hibernate\hibernate-core\3.5.6-Final\hibernate-core-3.5.6-Final.jar;C:\Users\robertsj\.m2\repository\antlr\antlr\2.7.6\antlr-2.7.6.jar;C:\Users\robertsj\.m2\repository\dom4j\dom4j\1.6.1\dom4j-1.6.1.jar;C:\Users\robertsj\.m2\repository\xml-apis\xml-apis\1.0.b2\xml-apis-1.0.b2.jar;C:\Users\robertsj\.m2\repository\javax\transaction\jta\1.1\jta-1.1.jar;C:\Users\robertsj\.m2\repository\org\hibernate\hibernate-commons-annotations\3.2.0.Final\hibernate-commons-annotations-3.2.0.Final.jar;C:\Users\robertsj\.m2\repository\org\hibernate\javax\persistence\hibernate-jpa-2.0-api\1.0.0.Final\hibernate-jpa-2.0-api-1.0.0.Final.jar;C:\Users\robertsj\.m2\repository\org\simpleframework\simple-xml\2.7.1\simple-xml-2.7.1.jar;C:\Users\robertsj\.m2\repository\stax\stax-api\1.0.1\stax-api-1.0.1.jar;C:\Users\robertsj\.m2\repository\stax\stax\1.2.0\stax-1.2.0.jar;C:\Users\robertsj\.m2\repository\xpp3\xpp3\1.1.3.3\xpp3-1.1.3.3.jar;C:\Users\robertsj\.m2\repository\commons-codec\commons-codec\1.4\commons-codec-1.4.jar;C:\Users\robertsj\.m2\repository\commons-logging\commons-logging\1.1.1\commons-logging-1.1.1.jar;C:\Users\robertsj\.m2\repository\log4j\log4j\1.2.17\log4j-1.2.17.jar;C:\Users\robertsj\.m2\repository\commons-io\commons-io\1.4\commons-io-1.4.jar;C:\Users\robertsj\.m2\repository\commons-lang\commons-lang\2.4\commons-lang-2.4.jar;C:\Users\robertsj\.m2\repository\commons-collections\commons-collections\3.2.1\commons-collections-3.2.1.jar;C:\Users\robertsj\.m2\repository\com\sun\xml\messaging\saaj\saaj-impl\1.3\saaj-impl-1.3.jar;C:\Users\robertsj\.m2\repository\javax\xml\soap\saaj-api\1.3\saaj-api-1.3.jar;C:\Users\robertsj\.m2\repository\javax\activation\activation\1.1\activation-1.1.jar;C:\Users\robertsj\.m2\repository\commons-httpclient\commons-httpclient\3.1\commons-httpclient-3.1.jar;C:\Users\robertsj\.m2\repository\com\helger\ph-schematron\2.8.3\ph-schematron-2.8.3.jar;C:\Users\robertsj\.m2\repository\com\helger\ph-commons\5.0.2\ph-commons-5.0.2.jar;C:\Users\robertsj\.m2\repository\com\google\code\findbugs\annotations\2.0.3\annotations-2.0.3.jar;C:\Users\robertsj\.m2\repository\net\sf\saxon\Saxon-HE\9.5.1-6\Saxon-HE-9.5.1-6.jar;C:\Users\robertsj\.m2\repository\org\slf4j\slf4j-api\1.5.6\slf4j-api-1.5.6.jar;C:\Users\robertsj\.m2\repository\org\slf4j\slf4j-log4j12\1.5.6\slf4j-log4j12-1.5.6.jar;C:\workspace-merge\chi-messagebuilder\message-builder-core\target\message-builder-core-1.5.9-SNAPSHOT-tests.jar;C:\Users\robertsj\.m2\repository\junit\junit\4.7\junit-4.7.jar;C:\Users\robertsj\.m2\repository\org\jmock\jmock\2.5.1\jmock-2.5.1.jar;C:\Users\robertsj\.m2\repository\org\hamcrest\hamcrest-core\1.1\hamcrest-core-1.1.jar;C:\Users\robertsj\.m2\repository\org\hamcrest\hamcrest-library\1.1\hamcrest-library-1.1.jar;C:\Users\robertsj\.m2\repository\org\jmock\jmock-junit4\2.5.1\jmock-junit4-2.5.1.jar;C:\Users\robertsj\.m2\repository\junit\junit-dep\4.4\junit-dep-4.4.jar;C:\Users\robertsj\.m2\repository\org\jmock\jmock-legacy\2.5.1\jmock-legacy-2.5.1.jar;C:\Users\robertsj\.m2\repository\org\objenesis\objenesis\1.0\objenesis-1.0.jar;C:\Users\robertsj\.m2\repository\cglib\cglib-nodep\2.1_3\cglib-nodep-2.1_3.jar;"/>
    <property name="java.vm.specification.version" value="1.0"/>
    <property name="sun.arch.data.model" value="64"/>
    <property name="java.home" value="C:\Program Files\Java\jdk1.6.0_27\jre"/>
    <property name="sun.java.command" value="C:\workspace-merge\chi-messagebuilder\message-builder-cda-release-ccda_r00_alpha\target\surefire\surefirebooter4094273364495417395.jar C:\workspace-merge\chi-messagebuilder\message-builder-cda-release-ccda_r00_alpha\target\surefire\surefire7075767907743135592tmp C:\workspace-merge\chi-messagebuilder\message-builder-cda-release-ccda_r00_alpha\target\surefire\surefire6571336087817785253tmp"/>
    <property name="java.specification.vendor" value="Sun Microsystems Inc."/>
    <property name="user.language" value="en"/>
    <property name="awt.toolkit" value="sun.awt.windows.WToolkit"/>
    <property name="java.vm.info" value="mixed mode"/>
    <property name="java.version" value="1.6.0_27"/>
    <property name="java.ext.dirs" value="C:\Program Files\Java\jdk1.6.0_27\jre\lib\ext;C:\Windows\Sun\Java\lib\ext"/>
    <property name="sun.boot.class.path" value="C:\Program Files\Java\jdk1.6.0_27\jre\lib\resources.jar;C:\Program Files\Java\jdk1.6.0_27\jre\lib\rt.jar;C:\Program Files\Java\jdk1.6.0_27\jre\lib\sunrsasign.jar;C:\Program Files\Java\jdk1.6.0_27\jre\lib\jsse.jar;C:\Program Files\Java\jdk1.6.0_27\jre\lib\jce.jar;C:\Program Files\Java\jdk1.6.0_27\jre\lib\charsets.jar;C:\Program Files\Java\jdk1.6.0_27\jre\lib\modules\jdk.boot.jar;C:\Program Files\Java\jdk1.6.0_27\jre\classes"/>
    <property name="java.vendor" value="Sun Microsystems Inc."/>
    <property name="localRepository" value="C:\Users\robertsj\.m2\repository"/>
    <property name="file.separator" value="\"/>
    <property name="java.vendor.url.bug" value="http://java.sun.com/cgi-bin/bugreport.cgi"/>
    <property name="sun.cpu.endian" value="little"/>
    <property name="sun.io.unicode.encoding" value="UnicodeLittle"/>
    <property name="sun.desktop" value="windows"/>
    <property name="sun.cpu.isalist" value="amd64"/>
  </properties>
  <testcase time="1.045" classname="ca.infoway.messagebuilder.MessageSetVersionTest" name="testVersionMatches"/>
</testsuite>